INFO:root:Request stock: [['issue name', 'current price', 'change'], {'edlgen': '5100', 'bcel': '5400', 'lwpc': '7400', 'ptl': '1950', 'svn': '2950', 'pcd': '1400'}]
INFO:root:Request stock: [['issue name', 'current price', 'change'], {'edlgen': '5100', 'bcel': '5400', 'lwpc': '7400', 'ptl': '1950', 'svn': '2950', 'pcd': '1400'}]
INFO:root:Data has been saved to db:INFO:root:Request stock: [['issue name', 'current price', 'change'], {'edlgen': '5100', 'bcel': '5400', 'lwpc': '7400', 'ptl': '1950', 'svn': '2950', 'pcd': '1400'}]
INFO:root:Data has been saved to db: {'edlgen': '5100', 'bcel': '5400', 'lwpc': '7400', 'ptl': '1950', 'svn': '2950', 'pcd': '1400'}
INFO:root:Request stock: [['issue name', 'current price', 'change'], {'edlgen': '5100', 'bcel': '5400', 'lwpc': '7400', 'ptl': '1950', 'svn': '2950', 'pcd': '1400'}]
INFO:root:Data has been saved to db: {'edlgen': '5100', 'bcel': '5400', 'lwpc': '7400', 'ptl': '1950', 'svn': '2950', 'pcd': '1400'}
INFO:root:Request stock: [['issue name', 'current price', 'change'], {'edlgen': '4500', 'bcel': '5400', 'lwpc': '4200', 'ptl': '1700', 'svn': '2900', 'pcd': '1450', 'lcc': '2200'}]
INFO:root:Data has been saved to db: {'edlgen': '4500', 'bcel': '5400', 'lwpc': '4200', 'ptl': '1700', 'svn': '2900', 'pcd': '1450', 'lcc': '2200'}
WARNING:root:1527704185.687825: <urlopen error timed out>
WARNING:root:1527705035.6440074: <urlopen error timed out>
WARNING:root:1527705043.3235838: <urlopen error timed out>
WARNING:root:1527705050.332835: <urlopen error timed out>
INFO:root:1527705051.4400225: Sqlite3 error: table stock_daily has 8 columns but 11 values were supplied
WARNING:root:1527705085.0135863: <urlopen error timed out>
WARNING:root:1527705093.7246048: <urlopen error timed out>
WARNING:root:1527705108.2535684: <urlopen error timed out>
INFO:root:1527705109.254772: Sqlite3 error: no such table: lsx
WARNING:root:1527705129.5727131: <urlopen error timed out>
WARNING:root:1527705142.9835155: <urlopen error timed out>
WARNING:root:1527705150.5756528: <urlopen error timed out>
INFO:root:1527705151.7826014: Data has been saved to db: ('30/05/20', '918.77', '5400', '4450', '6000', '1700', '2850', '1350', '2050', 1527705151.5766482)
WARNING:root:1527705888.723364: <urlopen error timed out>
WARNING:root:1527705895.823438: <urlopen error timed out>
WARNING:root:1527705901.8247337: <urlopen error timed out>
INFO:root:1527705902.9456687: Data has been saved to db: ('30/05/20', '918.77', '5400', '4450', '6000', '1700', '2850', '1350', '2050', 1527705902.825689)
